2019-08-19 16:04:07 [scrapy.utils.log] INFO: Scrapy 1.6.0 started (bot: Maoyan)
2019-08-19 16:04:07 [scrapy.utils.log] INFO: Versions: lxml 4.3.2.0, libxml2 2.9.9, cssselect 1.0.3, parsel 1.5.1, w3lib 1.20.0, Twisted 18.9.0, Python 3.6.7 (default, Oct 22 2018, 11:32:17) - [GCC 8.2.0], pyOpenSSL 19.0.0 (OpenSSL 1.1.1c  28 May 2019), cryptography 2.7, Platform Linux-5.0.0-25-generic-x86_64-with-Ubuntu-18.04-bionic
2019-08-19 16:04:07 [scrapy.crawler] INFO: Overridden settings: {'BOT_NAME': 'Maoyan', 'LOG_FILE': 'maoyan.log', 'LOG_LEVEL': 'INFO', 'NEWSPIDER_MODULE': 'Maoyan.spiders', 'SPIDER_MODULES': ['Maoyan.spiders']}
2019-08-19 16:04:07 [scrapy.extensions.telnet] INFO: Telnet Password: d0a34860283b3d4b
2019-08-19 16:04:07 [scrapy.middleware] INFO: Enabled extensions:
['scrapy.extensions.corestats.CoreStats',
 'scrapy.extensions.telnet.TelnetConsole',
 'scrapy.extensions.memusage.MemoryUsage',
 'scrapy.extensions.logstats.LogStats']
2019-08-19 16:04:07 [scrapy.middleware] INFO: Enabled downloader middlewares:
['scrapy.downloadermiddlewares.httpauth.HttpAuthMiddleware',
 'scrapy.downloadermiddlewares.downloadtimeout.DownloadTimeoutMiddleware',
 'scrapy.downloadermiddlewares.defaultheaders.DefaultHeadersMiddleware',
 'scrapy.downloadermiddlewares.useragent.UserAgentMiddleware',
 'scrapy.downloadermiddlewares.retry.RetryMiddleware',
 'scrapy.downloadermiddlewares.redirect.MetaRefreshMiddleware',
 'scrapy.downloadermiddlewares.httpcompression.HttpCompressionMiddleware',
 'scrapy.downloadermiddlewares.redirect.RedirectMiddleware',
 'scrapy.downloadermiddlewares.cookies.CookiesMiddleware',
 'scrapy.downloadermiddlewares.httpproxy.HttpProxyMiddleware',
 'scrapy.downloadermiddlewares.stats.DownloaderStats']
2019-08-19 16:04:07 [scrapy.middleware] INFO: Enabled spider middlewares:
['scrapy.spidermiddlewares.httperror.HttpErrorMiddleware',
 'scrapy.spidermiddlewares.offsite.OffsiteMiddleware',
 'scrapy.spidermiddlewares.referer.RefererMiddleware',
 'scrapy.spidermiddlewares.urllength.UrlLengthMiddleware',
 'scrapy.spidermiddlewares.depth.DepthMiddleware']
2019-08-19 16:04:07 [scrapy.middleware] INFO: Enabled item pipelines:
['Maoyan.pipelines.MaoyanMysqlPipeline', 'Maoyan.pipelines.MaoyanPipeline']
2019-08-19 16:04:07 [scrapy.core.engine] INFO: Spider opened
2019-08-19 16:04:07 [scrapy.extensions.logstats] INFO: Crawled 0 pages (at 0 pages/min), scraped 0 items (at 0 items/min)
2019-08-19 16:04:07 [scrapy.extensions.telnet] INFO: Telnet console listening on 127.0.0.1:6023
2019-08-19 16:04:10 [scrapy.core.engine] INFO: Closing spider (finished)
2019-08-19 16:04:10 [scrapy.statscollectors] INFO: Dumping Scrapy stats:
{'downloader/request_bytes': 2029,
 'downloader/request_count': 10,
 'downloader/request_method_count/GET': 10,
 'downloader/response_bytes': 63115,
 'downloader/response_count': 10,
 'downloader/response_status_count/200': 10,
 'finish_reason': 'finished',
 'finish_time': datetime.datetime(2019, 8, 19, 8, 4, 10, 863893),
 'item_scraped_count': 100,
 'log_count/INFO': 9,
 'memusage/max': 1013555200,
 'memusage/startup': 1013555200,
 'response_received_count': 10,
 'scheduler/dequeued': 10,
 'scheduler/dequeued/memory': 10,
 'scheduler/enqueued': 10,
 'scheduler/enqueued/memory': 10,
 'start_time': datetime.datetime(2019, 8, 19, 8, 4, 7, 845316)}
2019-08-19 16:04:10 [scrapy.core.engine] INFO: Spider closed (finished)
2019-08-19 16:10:57 [scrapy.utils.log] INFO: Scrapy 1.6.0 started (bot: Maoyan)
2019-08-19 16:10:57 [scrapy.utils.log] INFO: Versions: lxml 4.3.2.0, libxml2 2.9.9, cssselect 1.0.3, parsel 1.5.1, w3lib 1.20.0, Twisted 18.9.0, Python 3.6.7 (default, Oct 22 2018, 11:32:17) - [GCC 8.2.0], pyOpenSSL 19.0.0 (OpenSSL 1.1.1c  28 May 2019), cryptography 2.7, Platform Linux-5.0.0-25-generic-x86_64-with-Ubuntu-18.04-bionic
2019-08-19 16:10:57 [scrapy.crawler] INFO: Overridden settings: {'BOT_NAME': 'Maoyan', 'FEED_FORMAT': 'csv', 'FEED_URI': 'maoyan.csv', 'LOG_FILE': 'maoyan.log', 'LOG_LEVEL': 'INFO', 'NEWSPIDER_MODULE': 'Maoyan.spiders', 'SPIDER_MODULES': ['Maoyan.spiders']}
2019-08-19 16:10:57 [scrapy.extensions.telnet] INFO: Telnet Password: 4273cd37616029fc
2019-08-19 16:10:57 [scrapy.middleware] INFO: Enabled extensions:
['scrapy.extensions.corestats.CoreStats',
 'scrapy.extensions.telnet.TelnetConsole',
 'scrapy.extensions.memusage.MemoryUsage',
 'scrapy.extensions.feedexport.FeedExporter',
 'scrapy.extensions.logstats.LogStats']
2019-08-19 16:10:57 [scrapy.middleware] INFO: Enabled downloader middlewares:
['scrapy.downloadermiddlewares.httpauth.HttpAuthMiddleware',
 'scrapy.downloadermiddlewares.downloadtimeout.DownloadTimeoutMiddleware',
 'scrapy.downloadermiddlewares.defaultheaders.DefaultHeadersMiddleware',
 'scrapy.downloadermiddlewares.useragent.UserAgentMiddleware',
 'scrapy.downloadermiddlewares.retry.RetryMiddleware',
 'scrapy.downloadermiddlewares.redirect.MetaRefreshMiddleware',
 'scrapy.downloadermiddlewares.httpcompression.HttpCompressionMiddleware',
 'scrapy.downloadermiddlewares.redirect.RedirectMiddleware',
 'scrapy.downloadermiddlewares.cookies.CookiesMiddleware',
 'scrapy.downloadermiddlewares.httpproxy.HttpProxyMiddleware',
 'scrapy.downloadermiddlewares.stats.DownloaderStats']
2019-08-19 16:10:57 [scrapy.middleware] INFO: Enabled spider middlewares:
['scrapy.spidermiddlewares.httperror.HttpErrorMiddleware',
 'scrapy.spidermiddlewares.offsite.OffsiteMiddleware',
 'scrapy.spidermiddlewares.referer.RefererMiddleware',
 'scrapy.spidermiddlewares.urllength.UrlLengthMiddleware',
 'scrapy.spidermiddlewares.depth.DepthMiddleware']
2019-08-19 16:10:57 [scrapy.middleware] INFO: Enabled item pipelines:
['Maoyan.pipelines.MaoyanMysqlPipeline', 'Maoyan.pipelines.MaoyanPipeline']
2019-08-19 16:10:57 [scrapy.core.engine] INFO: Spider opened
2019-08-19 16:10:57 [scrapy.extensions.logstats] INFO: Crawled 0 pages (at 0 pages/min), scraped 0 items (at 0 items/min)
2019-08-19 16:10:57 [scrapy.extensions.telnet] INFO: Telnet console listening on 127.0.0.1:6023
2019-08-19 16:11:00 [scrapy.core.engine] INFO: Closing spider (finished)
2019-08-19 16:11:00 [scrapy.extensions.feedexport] INFO: Stored csv feed (100 items) in: maoyan.csv
2019-08-19 16:11:00 [scrapy.statscollectors] INFO: Dumping Scrapy stats:
{'downloader/request_bytes': 2029,
 'downloader/request_count': 10,
 'downloader/request_method_count/GET': 10,
 'downloader/response_bytes': 63115,
 'downloader/response_count': 10,
 'downloader/response_status_count/200': 10,
 'finish_reason': 'finished',
 'finish_time': datetime.datetime(2019, 8, 19, 8, 11, 0, 743407),
 'item_scraped_count': 100,
 'log_count/INFO': 10,
 'memusage/max': 692707328,
 'memusage/startup': 692707328,
 'response_received_count': 10,
 'scheduler/dequeued': 10,
 'scheduler/dequeued/memory': 10,
 'scheduler/enqueued': 10,
 'scheduler/enqueued/memory': 10,
 'start_time': datetime.datetime(2019, 8, 19, 8, 10, 57, 732156)}
2019-08-19 16:11:00 [scrapy.core.engine] INFO: Spider closed (finished)
2019-08-19 16:13:22 [scrapy.utils.log] INFO: Scrapy 1.6.0 started (bot: Maoyan)
2019-08-19 16:13:22 [scrapy.utils.log] INFO: Versions: lxml 4.3.2.0, libxml2 2.9.9, cssselect 1.0.3, parsel 1.5.1, w3lib 1.20.0, Twisted 18.9.0, Python 3.6.7 (default, Oct 22 2018, 11:32:17) - [GCC 8.2.0], pyOpenSSL 19.0.0 (OpenSSL 1.1.1c  28 May 2019), cryptography 2.7, Platform Linux-5.0.0-25-generic-x86_64-with-Ubuntu-18.04-bionic
2019-08-19 16:13:22 [scrapy.crawler] INFO: Overridden settings: {'BOT_NAME': 'Maoyan', 'FEED_FORMAT': 'json', 'FEED_URI': 'maoyan.json', 'LOG_FILE': 'maoyan.log', 'LOG_LEVEL': 'INFO', 'NEWSPIDER_MODULE': 'Maoyan.spiders', 'SPIDER_MODULES': ['Maoyan.spiders']}
2019-08-19 16:13:22 [scrapy.extensions.telnet] INFO: Telnet Password: 70e9885386c1c32f
2019-08-19 16:13:22 [scrapy.middleware] INFO: Enabled extensions:
['scrapy.extensions.corestats.CoreStats',
 'scrapy.extensions.telnet.TelnetConsole',
 'scrapy.extensions.memusage.MemoryUsage',
 'scrapy.extensions.feedexport.FeedExporter',
 'scrapy.extensions.logstats.LogStats']
2019-08-19 16:13:22 [scrapy.middleware] INFO: Enabled downloader middlewares:
['scrapy.downloadermiddlewares.httpauth.HttpAuthMiddleware',
 'scrapy.downloadermiddlewares.downloadtimeout.DownloadTimeoutMiddleware',
 'scrapy.downloadermiddlewares.defaultheaders.DefaultHeadersMiddleware',
 'scrapy.downloadermiddlewares.useragent.UserAgentMiddleware',
 'scrapy.downloadermiddlewares.retry.RetryMiddleware',
 'scrapy.downloadermiddlewares.redirect.MetaRefreshMiddleware',
 'scrapy.downloadermiddlewares.httpcompression.HttpCompressionMiddleware',
 'scrapy.downloadermiddlewares.redirect.RedirectMiddleware',
 'scrapy.downloadermiddlewares.cookies.CookiesMiddleware',
 'scrapy.downloadermiddlewares.httpproxy.HttpProxyMiddleware',
 'scrapy.downloadermiddlewares.stats.DownloaderStats']
2019-08-19 16:13:22 [scrapy.middleware] INFO: Enabled spider middlewares:
['scrapy.spidermiddlewares.httperror.HttpErrorMiddleware',
 'scrapy.spidermiddlewares.offsite.OffsiteMiddleware',
 'scrapy.spidermiddlewares.referer.RefererMiddleware',
 'scrapy.spidermiddlewares.urllength.UrlLengthMiddleware',
 'scrapy.spidermiddlewares.depth.DepthMiddleware']
2019-08-19 16:13:22 [scrapy.middleware] INFO: Enabled item pipelines:
['Maoyan.pipelines.MaoyanMysqlPipeline', 'Maoyan.pipelines.MaoyanPipeline']
2019-08-19 16:13:22 [scrapy.core.engine] INFO: Spider opened
2019-08-19 16:13:22 [scrapy.extensions.logstats] INFO: Crawled 0 pages (at 0 pages/min), scraped 0 items (at 0 items/min)
2019-08-19 16:13:22 [scrapy.extensions.telnet] INFO: Telnet console listening on 127.0.0.1:6023
2019-08-19 16:13:25 [scrapy.core.engine] INFO: Closing spider (finished)
2019-08-19 16:13:25 [scrapy.extensions.feedexport] INFO: Stored json feed (100 items) in: maoyan.json
2019-08-19 16:13:25 [scrapy.statscollectors] INFO: Dumping Scrapy stats:
{'downloader/request_bytes': 2029,
 'downloader/request_count': 10,
 'downloader/request_method_count/GET': 10,
 'downloader/response_bytes': 63110,
 'downloader/response_count': 10,
 'downloader/response_status_count/200': 10,
 'finish_reason': 'finished',
 'finish_time': datetime.datetime(2019, 8, 19, 8, 13, 25, 334363),
 'item_scraped_count': 100,
 'log_count/INFO': 10,
 'memusage/max': 738639872,
 'memusage/startup': 738639872,
 'response_received_count': 10,
 'scheduler/dequeued': 10,
 'scheduler/dequeued/memory': 10,
 'scheduler/enqueued': 10,
 'scheduler/enqueued/memory': 10,
 'start_time': datetime.datetime(2019, 8, 19, 8, 13, 22, 246515)}
2019-08-19 16:13:25 [scrapy.core.engine] INFO: Spider closed (finished)
2019-08-19 16:15:09 [scrapy.utils.log] INFO: Scrapy 1.6.0 started (bot: Maoyan)
2019-08-19 16:15:09 [scrapy.utils.log] INFO: Versions: lxml 4.3.2.0, libxml2 2.9.9, cssselect 1.0.3, parsel 1.5.1, w3lib 1.20.0, Twisted 18.9.0, Python 3.6.7 (default, Oct 22 2018, 11:32:17) - [GCC 8.2.0], pyOpenSSL 19.0.0 (OpenSSL 1.1.1c  28 May 2019), cryptography 2.7, Platform Linux-5.0.0-25-generic-x86_64-with-Ubuntu-18.04-bionic
2019-08-19 16:15:09 [scrapy.crawler] INFO: Overridden settings: {'BOT_NAME': 'Maoyan', 'FEED_EXPORT_ENCODING': 'UTF-8', 'FEED_FORMAT': 'json', 'FEED_URI': 'maoyan.json', 'LOG_FILE': 'maoyan.log', 'LOG_LEVEL': 'INFO', 'NEWSPIDER_MODULE': 'Maoyan.spiders', 'SPIDER_MODULES': ['Maoyan.spiders']}
2019-08-19 16:15:09 [scrapy.extensions.telnet] INFO: Telnet Password: 6f1ce5d7d6ec4c0d
2019-08-19 16:15:09 [scrapy.middleware] INFO: Enabled extensions:
['scrapy.extensions.corestats.CoreStats',
 'scrapy.extensions.telnet.TelnetConsole',
 'scrapy.extensions.memusage.MemoryUsage',
 'scrapy.extensions.feedexport.FeedExporter',
 'scrapy.extensions.logstats.LogStats']
2019-08-19 16:15:09 [scrapy.middleware] INFO: Enabled downloader middlewares:
['scrapy.downloadermiddlewares.httpauth.HttpAuthMiddleware',
 'scrapy.downloadermiddlewares.downloadtimeout.DownloadTimeoutMiddleware',
 'scrapy.downloadermiddlewares.defaultheaders.DefaultHeadersMiddleware',
 'scrapy.downloadermiddlewares.useragent.UserAgentMiddleware',
 'scrapy.downloadermiddlewares.retry.RetryMiddleware',
 'scrapy.downloadermiddlewares.redirect.MetaRefreshMiddleware',
 'scrapy.downloadermiddlewares.httpcompression.HttpCompressionMiddleware',
 'scrapy.downloadermiddlewares.redirect.RedirectMiddleware',
 'scrapy.downloadermiddlewares.cookies.CookiesMiddleware',
 'scrapy.downloadermiddlewares.httpproxy.HttpProxyMiddleware',
 'scrapy.downloadermiddlewares.stats.DownloaderStats']
2019-08-19 16:15:09 [scrapy.middleware] INFO: Enabled spider middlewares:
['scrapy.spidermiddlewares.httperror.HttpErrorMiddleware',
 'scrapy.spidermiddlewares.offsite.OffsiteMiddleware',
 'scrapy.spidermiddlewares.referer.RefererMiddleware',
 'scrapy.spidermiddlewares.urllength.UrlLengthMiddleware',
 'scrapy.spidermiddlewares.depth.DepthMiddleware']
2019-08-19 16:15:09 [scrapy.middleware] INFO: Enabled item pipelines:
['Maoyan.pipelines.MaoyanMysqlPipeline', 'Maoyan.pipelines.MaoyanPipeline']
2019-08-19 16:15:09 [scrapy.core.engine] INFO: Spider opened
2019-08-19 16:15:09 [scrapy.extensions.logstats] INFO: Crawled 0 pages (at 0 pages/min), scraped 0 items (at 0 items/min)
2019-08-19 16:15:09 [scrapy.extensions.telnet] INFO: Telnet console listening on 127.0.0.1:6023
2019-08-19 16:15:12 [scrapy.core.engine] INFO: Closing spider (finished)
2019-08-19 16:15:12 [scrapy.extensions.feedexport] INFO: Stored json feed (100 items) in: maoyan.json
2019-08-19 16:15:12 [scrapy.statscollectors] INFO: Dumping Scrapy stats:
{'downloader/request_bytes': 2029,
 'downloader/request_count': 10,
 'downloader/request_method_count/GET': 10,
 'downloader/response_bytes': 63115,
 'downloader/response_count': 10,
 'downloader/response_status_count/200': 10,
 'finish_reason': 'finished',
 'finish_time': datetime.datetime(2019, 8, 19, 8, 15, 12, 990044),
 'item_scraped_count': 100,
 'log_count/INFO': 10,
 'memusage/max': 767721472,
 'memusage/startup': 767721472,
 'response_received_count': 10,
 'scheduler/dequeued': 10,
 'scheduler/dequeued/memory': 10,
 'scheduler/enqueued': 10,
 'scheduler/enqueued/memory': 10,
 'start_time': datetime.datetime(2019, 8, 19, 8, 15, 9, 954354)}
2019-08-19 16:15:12 [scrapy.core.engine] INFO: Spider closed (finished)
